This is pdfTeX, Version 3.141592653-2.6-1.40.29 (MiKTeX 26.1) (preloaded format=pdflatex 2026.2.1)  1 FEB 2026 12:22
entering extended mode
 restricted \write18 enabled.
 file:line:error style messages enabled.
 %&-line parsing enabled.
**"c:/Projects/Market/Project Report/main.tex"
(c:/Projects/Market/Project Report/main.tex
LaTeX2e <2025-11-01>
L3 programming layer <2026-01-19>
(C:\Program Files\MiKTeX\tex/latex/base\report.cls
Document Class: report 2025/01/22 v1.4n Standard LaTeX document class
(C:\Program Files\MiKTeX\tex/latex/base\size12.clo
File: size12.clo 2025/01/22 v1.4n Standard LaTeX file (size option)
)
\c@part=\count275
\c@chapter=\count276
\c@section=\count277
\c@subsection=\count278
\c@subsubsection=\count279
\c@paragraph=\count280
\c@subparagraph=\count281
\c@figure=\count282
\c@table=\count283
\abovecaptionskip=\skip49
\belowcaptionskip=\skip50
\bibindent=\dimen148
) (C:\Program Files\MiKTeX\tex/latex/graphics\graphicx.sty
Package: graphicx 2024/12/31 v1.2e Enhanced LaTeX Graphics (DPC,SPQR)
 (C:\Program Files\MiKTeX\tex/latex/graphics\keyval.sty
Package: keyval 2022/05/29 v1.15 key=value parser (DPC)
\KV@toks@=\toks17
) (C:\Program Files\MiKTeX\tex/latex/graphics\graphics.sty
Package: graphics 2024/08/06 v1.4g Standard LaTeX Graphics (DPC,SPQR)
 (C:\Program Files\MiKTeX\tex/latex/graphics\trig.sty
Package: trig 2023/12/02 v1.11 sin cos tan (DPC)
) (C:\Program Files\MiKTeX\tex/latex/graphics-cfg\graphics.cfg
File: graphics.cfg 2016/06/04 v1.11 sample graphics configuration
)
Package graphics Info: Driver file: pdftex.def on input line 106.
 (C:\Program Files\MiKTeX\tex/latex/graphics-def\pdftex.def
File: pdftex.def 2025/09/29 v1.2d Graphics/color driver for pdftex
))
\Gin@req@height=\dimen149
\Gin@req@width=\dimen150
) (C:\Program Files\MiKTeX\tex/latex/hyperref\hyperref.sty
Package: hyperref 2026-01-29 v7.01p Hypertext links for LaTeX
 (C:\Program Files\MiKTeX\tex/generic/iftex\iftex.sty
Package: iftex 2024/12/12 v1.0g TeX engine tests
) (C:\Program Files\MiKTeX\tex/latex/kvsetkeys\kvsetkeys.sty
Package: kvsetkeys 2022-10-05 v1.19 Key value parser (HO)
) (C:\Program Files\MiKTeX\tex/generic/kvdefinekeys\kvdefinekeys.sty
Package: kvdefinekeys 2019-12-19 v1.6 Define keys (HO)
) (C:\Program Files\MiKTeX\tex/generic/pdfescape\pdfescape.sty
Package: pdfescape 2019/12/09 v1.15 Implements pdfTeX's escape features (HO)
 (C:\Program Files\MiKTeX\tex/generic/ltxcmds\ltxcmds.sty
Package: ltxcmds 2023-12-04 v1.26 LaTeX kernel commands for general use (HO)
) (C:\Program Files\MiKTeX\tex/generic/pdftexcmds\pdftexcmds.sty
Package: pdftexcmds 2020-06-27 v0.33 Utility functions of pdfTeX for LuaTeX (HO)
 (C:\Program Files\MiKTeX\tex/generic/infwarerr\infwarerr.sty
Package: infwarerr 2019/12/03 v1.5 Providing info/warning/error messages (HO)
)
Package pdftexcmds Info: \pdf@primitive is available.
Package pdftexcmds Info: \pdf@ifprimitive is available.
Package pdftexcmds Info: \pdfdraftmode found.
)) (C:\Program Files\MiKTeX\tex/latex/hycolor\hycolor.sty
Package: hycolor 2020-01-27 v1.10 Color options for hyperref/bookmark (HO)
) (C:\Program Files\MiKTeX\tex/latex/hyperref\nameref.sty
Package: nameref 2026-01-29 v2.58 Cross-referencing by name of section
 (C:\Program Files\MiKTeX\tex/latex/refcount\refcount.sty
Package: refcount 2019/12/15 v3.6 Data extraction from label references (HO)
) (C:\Program Files\MiKTeX\tex/generic/gettitlestring\gettitlestring.sty
Package: gettitlestring 2019/12/15 v1.6 Cleanup title references (HO)
 (C:\Program Files\MiKTeX\tex/latex/kvoptions\kvoptions.sty
Package: kvoptions 2022-06-15 v3.15 Key value format for package options (HO)
))
\c@section@level=\count284
) (C:\Program Files\MiKTeX\tex/latex/etoolbox\etoolbox.sty
Package: etoolbox 2025/10/02 v2.5m e-TeX tools for LaTeX (JAW)
\etb@tempcnta=\count285
) (C:\Program Files\MiKTeX\tex/generic/stringenc\stringenc.sty
Package: stringenc 2019/11/29 v1.12 Convert strings between diff. encodings (HO)
)
\@linkdim=\dimen151
\Hy@linkcounter=\count286
\Hy@pagecounter=\count287
 (C:\Program Files\MiKTeX\tex/latex/hyperref\pd1enc.def
File: pd1enc.def 2026-01-29 v7.01p Hyperref: PDFDocEncoding definition (HO)
Now handling font encoding PD1 ...
... no UTF-8 mapping file for font encoding PD1
) (C:\Program Files\MiKTeX\tex/generic/intcalc\intcalc.sty
Package: intcalc 2019/12/15 v1.3 Expandable calculations with integers (HO)
)
\Hy@SavedSpaceFactor=\count288
 (C:\Program Files\MiKTeX\tex/latex/hyperref\puenc.def
File: puenc.def 2026-01-29 v7.01p Hyperref: PDF Unicode definition (HO)
Now handling font encoding PU ...
... no UTF-8 mapping file for font encoding PU
)
Package hyperref Info: Hyper figures OFF on input line 4201.
Package hyperref Info: Link nesting OFF on input line 4206.
Package hyperref Info: Hyper index ON on input line 4209.
Package hyperref Info: Plain pages OFF on input line 4216.
Package hyperref Info: Backreferencing OFF on input line 4221.
Package hyperref Info: Implicit mode ON; LaTeX internals redefined.
Package hyperref Info: Bookmarks ON on input line 4468.
\c@Hy@tempcnt=\count289
 (C:\Program Files\MiKTeX\tex/latex/url\url.sty
\Urlmuskip=\muskip17
Package: url 2013/09/16  ver 3.4  Verb mode for urls, etc.
)
LaTeX Info: Redefining \url on input line 4807.
\XeTeXLinkMargin=\dimen152
 (C:\Program Files\MiKTeX\tex/generic/bitset\bitset.sty
Package: bitset 2019/12/09 v1.3 Handle bit-vector datatype (HO)
 (C:\Program Files\MiKTeX\tex/generic/bigintcalc\bigintcalc.sty
Package: bigintcalc 2019/12/15 v1.5 Expandable calculations on big integers (HO)
))
\Fld@menulength=\count290
\Field@Width=\dimen153
\Fld@charsize=\dimen154
Package hyperref Info: Hyper figures OFF on input line 6084.
Package hyperref Info: Link nesting OFF on input line 6089.
Package hyperref Info: Hyper index ON on input line 6092.
Package hyperref Info: backreferencing OFF on input line 6099.
Package hyperref Info: Link coloring OFF on input line 6104.
Package hyperref Info: Link coloring with OCG OFF on input line 6109.
Package hyperref Info: PDF/A mode OFF on input line 6114.
\Hy@abspage=\count291
\c@Item=\count292
\c@Hfootnote=\count293
)
Package hyperref Info: Driver (autodetected): hpdftex.
 (C:\Program Files\MiKTeX\tex/latex/hyperref\hpdftex.def
File: hpdftex.def 2026-01-29 v7.01p Hyperref driver for pdfTeX
\Fld@listcount=\count294
\c@bookmark@seq@number=\count295
 (C:\Program Files\MiKTeX\tex/latex/rerunfilecheck\rerunfilecheck.sty
Package: rerunfilecheck 2025-06-21 v1.11 Rerun checks for auxiliary files (HO)
 (C:\Program Files\MiKTeX\tex/generic/uniquecounter\uniquecounter.sty
Package: uniquecounter 2019/12/15 v1.4 Provide unlimited unique counter (HO)
)
Package uniquecounter Info: New unique counter `rerunfilecheck' on input line 284.
)
\Hy@SectionHShift=\skip51
) (C:\Program Files\MiKTeX\tex/latex/geometry\geometry.sty
Package: geometry 2020/01/02 v5.9 Page Geometry
 (C:\Program Files\MiKTeX\tex/generic/iftex\ifvtex.sty
Package: ifvtex 2019/10/25 v1.7 ifvtex legacy package. Use iftex instead.
)
\Gm@cnth=\count296
\Gm@cntv=\count297
\c@Gm@tempcnt=\count298
\Gm@bindingoffset=\dimen155
\Gm@wd@mp=\dimen156
\Gm@odd@mp=\dimen157
\Gm@even@mp=\dimen158
\Gm@layoutwidth=\dimen159
\Gm@layoutheight=\dimen160
\Gm@layouthoffset=\dimen161
\Gm@layoutvoffset=\dimen162
\Gm@dimlist=\toks18
 (C:\Program Files\MiKTeX\tex/latex/geometry\geometry.cfg)) (C:\Program Files\MiKTeX\tex/latex/l3backend\l3backend-pdftex.def
File: l3backend-pdftex.def 2025-10-09 L3 backend support: PDF output (pdfTeX)
\l__color_backend_stack_int=\count299
)
No file main.aux.
\openout1 = `main.aux'.

LaTeX Font Info:    Checking defaults for OML/cmm/m/it on input line 7.
LaTeX Font Info:    ... okay on input line 7.
LaTeX Font Info:    Checking defaults for OMS/cmsy/m/n on input line 7.
LaTeX Font Info:    ... okay on input line 7.
LaTeX Font Info:    Checking defaults for OT1/cmr/m/n on input line 7.
LaTeX Font Info:    ... okay on input line 7.
LaTeX Font Info:    Checking defaults for T1/cmr/m/n on input line 7.
LaTeX Font Info:    ... okay on input line 7.
LaTeX Font Info:    Checking defaults for TS1/cmr/m/n on input line 7.
LaTeX Font Info:    ... okay on input line 7.
LaTeX Font Info:    Checking defaults for OMX/cmex/m/n on input line 7.
LaTeX Font Info:    ... okay on input line 7.
LaTeX Font Info:    Checking defaults for U/cmr/m/n on input line 7.
LaTeX Font Info:    ... okay on input line 7.
LaTeX Font Info:    Checking defaults for PD1/pdf/m/n on input line 7.
LaTeX Font Info:    ... okay on input line 7.
LaTeX Font Info:    Checking defaults for PU/pdf/m/n on input line 7.
LaTeX Font Info:    ... okay on input line 7.
(C:\Program Files\MiKTeX\tex/context/base/mkii\supp-pdf.mkii
[Loading MPS to PDF converter (version 2006.09.02).]
\scratchcounter=\count300
\scratchdimen=\dimen163
\scratchbox=\box53
\nofMPsegments=\count301
\nofMParguments=\count302
\everyMPshowfont=\toks19
\MPscratchCnt=\count303
\MPscratchDim=\dimen164
\MPnumerator=\count304
\makeMPintoPDFobject=\count305
\everyMPtoPDFconversion=\toks20
) (C:\Program Files\MiKTeX\tex/latex/epstopdf-pkg\epstopdf-base.sty
Package: epstopdf-base 2020-01-24 v2.11 Base part for package epstopdf
Package epstopdf-base Info: Redefining graphics rule for `.eps' on input line 485.
 (C:\Program Files\MiKTeX\tex/latex/00miktex\epstopdf-sys.cfg
File: epstopdf-sys.cfg 2021/03/18 v2.0 Configuration of epstopdf for MiKTeX
))
Package hyperref Info: Link coloring OFF on input line 7.
\@outlinefile=\write3
\openout3 = `main.out'.


*geometry* driver: auto-detecting
*geometry* detected driver: pdftex
*geometry* verbose mode - [ preamble ] result:
* driver: pdftex
* paper: a4paper
* layout: <same size as paper>
* layoutoffset:(h,v)=(0.0pt,0.0pt)
* modes: 
* h-part:(L,W,R)=(72.26999pt, 452.9679pt, 72.26999pt)
* v-part:(T,H,B)=(72.26999pt, 700.50687pt, 72.26999pt)
* \paperwidth=597.50787pt
* \paperheight=845.04684pt
* \textwidth=452.9679pt
* \textheight=700.50687pt
* \oddsidemargin=0.0pt
* \evensidemargin=0.0pt
* \topmargin=-37.0pt
* \headheight=12.0pt
* \headsep=25.0pt
* \topskip=12.0pt
* \footskip=30.0pt
* \marginparwidth=44.0pt
* \marginparsep=10.0pt
* \columnsep=10.0pt
* \skip\footins=10.8pt plus 4.0pt minus 2.0pt
* \hoffset=0.0pt
* \voffset=0.0pt
* \mag=1000
* \@twocolumnfalse
* \@twosidefalse
* \@mparswitchfalse
* \@reversemarginfalse
* (1in=72.27pt=25.4mm, 1cm=28.453pt)

<pes_logo.png, id=3, 106.3975pt x 168.63pt>
File: pes_logo.png Graphic file (type png)
<use pes_logo.png>
Package pdftex.def Info: pes_logo.png  used on input line 10.
(pdftex.def)             Requested size: 56.9055pt x 90.1917pt.
[1

{C:/Users/Ravi/AppData/Local/MiKTeX/fonts/map/pdftex/pdftex.map} <./pes_logo.png>] [2] [3] [4] [5]
No file main.toc.
\tf@toc=\write4
\openout4 = `main.toc'.

[6

]
No file main.lof.
\tf@lof=\write5
\openout5 = `main.lof'.

[7

]
No file main.lot.
\tf@lot=\write6
\openout6 = `main.lot'.

[8

]
Chapter 1.
LaTeX Font Info:    External font `cmex10' loaded for size
(Font)              <12> on input line 103.
LaTeX Font Info:    External font `cmex10' loaded for size
(Font)              <8> on input line 103.
LaTeX Font Info:    External font `cmex10' loaded for size
(Font)              <6> on input line 103.
[9

] [10]
Chapter 2.

LaTeX Warning: Citation `11115642' on page 11 undefined on input line 134.


LaTeX Warning: Citation `11072109' on page 11 undefined on input line 136.


LaTeX Warning: Citation `11115642' on page 11 undefined on input line 136.


LaTeX Warning: Citation `sonani2025stockpricepredictionusing' on page 11 undefined on input line 136.


Overfull \hbox (17.38417pt too wide) in paragraph at lines 136--137
[]\OT1/cmr/m/n/12 Recent stud-ies high-light the grow-ing im-por-tance of deep learn-ing tech-niques|particularly
 []


LaTeX Warning: Citation `Zhang2025' on page 11 undefined on input line 140.


LaTeX Warning: Citation `10.1007/978-981-96-8197-6_30' on page 11 undefined on input line 140.


LaTeX Warning: Citation `10920805' on page 11 undefined on input line 142.


LaTeX Warning: Citation `Yao_2025' on page 11 undefined on input line 142.


LaTeX Warning: Citation `10888749' on page 11 undefined on input line 142.


LaTeX Warning: Citation `11115642' on page 11 undefined on input line 142.

[11

] [12]
Chapter 3.

Underfull \hbox (badness 10000) in paragraph at lines 194--195

 []

[13

]
Underfull \hbox (badness 10000) in paragraph at lines 204--205

 []


Underfull \hbox (badness 10000) in paragraph at lines 209--210

 []

[14]

c:/Projects/Market/Project Report/main.tex:271: LaTeX Error: There's no line here to end.

See the LaTeX manual or LaTeX Companion for explanation.
Type  H <return>  for immediate help.
 ...                                              
                                                  
l.271 \newline
              
Your command was ignored.
Type  I <command> <return>  to replace it with another command,
or  <return>  to continue without it.


c:/Projects/Market/Project Report/main.tex:282: LaTeX Error: There's no line here to end.

See the LaTeX manual or LaTeX Companion for explanation.
Type  H <return>  for immediate help.
 ...                                              
                                                  
l.282 \newline
              
Your command was ignored.
Type  I <command> <return>  to replace it with another command,
or  <return>  to continue without it.

<Images/Use Case Diagram.png, id=100, 664.4825pt x 451.6875pt>
File: Images/Use Case Diagram.png Graphic file (type png)
<use Images/Use Case Diagram.png>
Package pdftex.def Info: Images/Use Case Diagram.png  used on input line 294.
(pdftex.def)             Requested size: 362.37569pt x 246.32677pt.

LaTeX Warning: `h' float specifier changed to `ht'.

[15] [16 <./Images/Use Case Diagram.png>]
Chapter 4.

Underfull \hbox (badness 10000) in paragraph at lines 320--321

 []

[17

]
<Images/System Architecture.png, id=126, 1800.7275pt x 373.395pt>
File: Images/System Architecture.png Graphic file (type png)
<use Images/System Architecture.png>
Package pdftex.def Info: Images/System Architecture.png  used on input line 343.
(pdftex.def)             Requested size: 452.9679pt x 93.92397pt.
 [18 <./Images/System Architecture.png>]
Chapter 5.
[19

]
Underfull \hbox (badness 10000) in paragraph at lines 437--438

 []

[20]
Underfull \hbox (badness 10000) in paragraph at lines 445--447

 []

[21]
LaTeX Font Info:    External font `cmex10' loaded for size
(Font)              <14.4> on input line 487.
LaTeX Font Info:    External font `cmex10' loaded for size
(Font)              <7> on input line 487.


Package hyperref Warning: Token not allowed in a PDF string (Unicode):
(hyperref)                removing `math shift' on input line 487.


Package hyperref Warning: Token not allowed in a PDF string (Unicode):
(hyperref)                removing `superscript' on input line 487.


Package hyperref Warning: Token not allowed in a PDF string (Unicode):
(hyperref)                removing `math shift' on input line 487.

[22]
Chapter 6.
<Images/Individual Stock Prediction.png, id=175, 638.385pt x 352.31625pt>
File: Images/Individual Stock Prediction.png Graphic file (type png)
<use Images/Individual Stock Prediction.png>
Package pdftex.def Info: Images/Individual Stock Prediction.png  used on input line 539.
(pdftex.def)             Requested size: 452.9679pt x 249.985pt.
[23

 <./Images/Individual Stock Prediction.png>]
<Images/Basic Material.png, id=186, 519.1395pt x 280.6485pt>
File: Images/Basic Material.png Graphic file (type png)
<use Images/Basic Material.png>
Package pdftex.def Info: Images/Basic Material.png  used on input line 573.
(pdftex.def)             Requested size: 203.83417pt x 110.19331pt.
<Images/Communication Services.png, id=187, 514.92375pt x 281.25075pt>
File: Images/Communication Services.png Graphic file (type png)
<use Images/Communication Services.png>
Package pdftex.def Info: Images/Communication Services.png  used on input line 579.
(pdftex.def)             Requested size: 203.83417pt x 111.331pt.
<Images/Consumer Cyclical.png, id=188, 525.76425pt x 281.25075pt>
File: Images/Consumer Cyclical.png Graphic file (type png)
<use Images/Consumer Cyclical.png>
Package pdftex.def Info: Images/Consumer Cyclical.png  used on input line 588.
(pdftex.def)             Requested size: 203.83417pt x 109.03932pt.
<Images/Consumer Defensive.png, id=189, 516.7305pt x 281.25075pt>
File: Images/Consumer Defensive.png Graphic file (type png)
<use Images/Consumer Defensive.png>
Package pdftex.def Info: Images/Consumer Defensive.png  used on input line 594.
(pdftex.def)             Requested size: 203.83417pt x 110.94476pt.
<Images/Energy.png, id=190, 513.71925pt x 281.25075pt>
File: Images/Energy.png Graphic file (type png)
<use Images/Energy.png>
Package pdftex.def Info: Images/Energy.png  used on input line 603.
(pdftex.def)             Requested size: 203.83417pt x 111.59708pt.
<Images/Financial Services.png, id=191, 521.5485pt x 281.25075pt>
File: Images/Financial Services.png Graphic file (type png)
<use Images/Financial Services.png>
Package pdftex.def Info: Images/Financial Services.png  used on input line 609.
(pdftex.def)             Requested size: 203.83417pt x 109.91908pt.


LaTeX Warning: `!h' float specifier changed to `!ht'.

<Images/Health Care.png, id=192, 520.94624pt x 280.6485pt>
File: Images/Health Care.png Graphic file (type png)
<use Images/Health Care.png>
Package pdftex.def Info: Images/Health Care.png  used on input line 618.
(pdftex.def)             Requested size: 203.83417pt x 109.81218pt.
<Images/Industrials.png, id=193, 519.74174pt x 281.853pt>
File: Images/Industrials.png Graphic file (type png)
<use Images/Industrials.png>
Package pdftex.def Info: Images/Industrials.png  used on input line 624.
(pdftex.def)             Requested size: 203.83417pt x 110.53723pt.

LaTeX Warning: `!h' float specifier changed to `!ht'.

<Images/Real Estate.png, id=194, 514.92375pt x 281.25075pt>
File: Images/Real Estate.png Graphic file (type png)
<use Images/Real Estate.png>
Package pdftex.def Info: Images/Real Estate.png  used on input line 633.
(pdftex.def)             Requested size: 203.83417pt x 111.331pt.
<Images/Technology.png, id=195, 519.74174pt x 281.25075pt>
File: Images/Technology.png Graphic file (type png)
<use Images/Technology.png>
Package pdftex.def Info: Images/Technology.png  used on input line 639.
(pdftex.def)             Requested size: 203.83417pt x 110.30103pt.

LaTeX Warning: `!h' float specifier changed to `!ht'.

<Images/Utilities.png, id=196, 513.71925pt x 280.6485pt>
File: Images/Utilities.png Graphic file (type png)
<use Images/Utilities.png>
Package pdftex.def Info: Images/Utilities.png  used on input line 648.
(pdftex.def)             Requested size: 203.83417pt x 111.35811pt.

LaTeX Warning: `!h' float specifier changed to `!ht'.

[24 <./Images/Basic Material.png> <./Images/Communication Services.png> <./Images/Consumer Cyclical.png> <./Images/Consumer Defensive.png>] [25 <./Images/Energy.png> <./Images/Financial Services.png> <./Images/Health Care.png> <./Images/Industrials.png> <./Images/Real Estate.png> <./Images/Technology.png> <./Images/Utilities.png>]
Chapter 7.
[26

]
No file main.bbl.
(main.aux)
 ***********
LaTeX2e <2025-11-01>
L3 programming layer <2026-01-19>
 ***********


LaTeX Warning: There were undefined references.


LaTeX Warning: Label(s) may have changed. Rerun to get cross-references right.


Package rerunfilecheck Warning: File `main.out' has changed.
(rerunfilecheck)                Rerun to get outlines right
(rerunfilecheck)                or use package `bookmark'.

Package rerunfilecheck Info: Checksums for `main.out':
(rerunfilecheck)             Before: <no file>
(rerunfilecheck)             After:  AFE247FB9C877B090B10D4F922060BB5;5888.
 ) 
Here is how much of TeX's memory you used:
 9135 strings out of 467866
 141501 string characters out of 5428396
 565040 words of memory out of 5000000
 37841 multiletter control sequences out of 15000+600000
 633533 words of font info for 59 fonts, out of 8000000 for 9000
 1141 hyphenation exceptions out of 8191
 75i,9n,79p,790b,576s stack positions out of 10000i,1000n,20000p,200000b,200000s
 <C:\Users\Ravi\AppData\Local\MiKTeX\fonts/pk/ljfour/jknappen/ec/dpi600\tcrm1200.pk><C:/Program Files/MiKTeX/fonts/type1/public/amsfonts/cm/cmbx12.pfb><C:/Program Files/MiKTeX/fonts/type1/public/amsfonts/cm/cmex10.pfb><C:/Program Files/MiKTeX/fonts/type1/public/amsfonts/cm/cmmi12.pfb><C:/Program Files/MiKTeX/fonts/type1/public/amsfonts/cm/cmmi8.pfb><C:/Program Files/MiKTeX/fonts/type1/public/amsfonts/cm/cmr10.pfb><C:/Program Files/MiKTeX/fonts/type1/public/amsfonts/cm/cmr12.pfb><C:/Program Files/MiKTeX/fonts/type1/public/amsfonts/cm/cmr8.pfb><C:/Program Files/MiKTeX/fonts/type1/public/amsfonts/cm/cmsy10.pfb>
Output written on main.pdf (26 pages, 733992 bytes).
PDF statistics:
 300 PDF objects out of 1000 (max. 8388607)
 112 named destinations out of 1000 (max. 500000)
 76 words of extra memory for PDF output out of 10000 (max. 10000000)

